  about.cpp
  ac_image.cpp
  ac_string_util.cpp
  acimg.cpp
  acimg_bmp.cpp
  acimg_dds.cpp
  acimg_jpg.cpp
  acimg_png.cpp
  acimg_tga.cpp
  acutil_config.cpp
  acutil_path.cpp
  acutil_unicode.cpp
  acwin_dialog.cpp
  acwin_filedialog.cpp
  acwin_listview.cpp
  acwin_static.cpp
  acwin_statusbar.cpp
  acwin_window.cpp
  charwin.cpp
  choosefont.cpp
  Создание кода...
  Компиляция...
  dynamic_funcs.cpp
  exportdlg.cpp
  fontchar.cpp
  fontgen.cpp
  fontpage.cpp
  iconimagedlg.cpp
  imagemgr.cpp
  imagewnd.cpp
  inspectfont.cpp
  main.cpp
d:\trunk\source\main.cpp(106): warning C4996: 'freopen': This function or variable may be unsafe. Consider using freopen_s instead. To disable deprecation, use _CRT_SECURE_NO_WARNINGS. See online help for details.
  c:\program files (x86)\windows kits\10\include\10.0.16299.0\ucrt\stdio.h(242): note:  см. объявление "freopen"
d:\trunk\source\main.cpp(107): warning C4996: 'freopen': This function or variable may be unsafe. Consider using freopen_s instead. To disable deprecation, use _CRT_SECURE_NO_WARNINGS. See online help for details.
  c:\program files (x86)\windows kits\10\include\10.0.16299.0\ucrt\stdio.h(242): note:  см. объявление "freopen"
  unicode.cpp
  Создание кода...
about.obj : warning LNK4075: не учитывается "/EDITANDCONTINUE" из-за спецификации "/INCREMENTAL:NO"
  libpng16.lib(pngread.obj) : найден .netmodule MSIL или модуль, откомпилированный с параметром /GL; перезапускается компоновка с параметром /LTCG; добавьте /LTCG в командную строку компоновки для повышения производительности компоновщика
about.obj : warning LNK4075: эх єўшЄ√трхЄё  "/EDITANDCONTINUE" шч-чр ёяхЎшЇшърЎшш "/INCREMENTAL:NO"
LINK : warning LNK4098: сшсышюЄхър яю єьюыўрэш■ "LIBCMT" яЁюЄштюЁхўшЄ шёяюы№чютрэш■ фЁєушї сшсышюЄхъ; шёяюы№чєщЄх ярЁрьхЄЁ /NODEFAULTLIB:library
  ╤ючфрэшх ъюфр
  ╤ючфрэшх ъюфр чртхЁ°хэю
libpng16.lib(pngread.obj) : warning LNK4099: "libpng.pdb" PDB эх эрщфхэ ё "libpng16.lib(pngread.obj)" шыш эр "D:\trunk\source\Debug\libpng.pdb"; ъюьяюэютър юс·хъЄр т√яюыэ хЄё  ъръ яЁш юЄёєЄёЄтшш юЄырфюўэ√ї фрээ√ї
libpng16.lib(pngwrite.obj) : warning LNK4099: "libpng.pdb" PDB эх эрщфхэ ё "libpng16.lib(pngwrite.obj)" шыш эр "D:\trunk\source\Debug\libpng.pdb"; ъюьяюэютър юс·хъЄр т√яюыэ хЄё  ъръ яЁш юЄёєЄёЄтшш юЄырфюўэ√ї фрээ√ї
libpng16.lib(pngerror.obj) : warning LNK4099: "libpng.pdb" PDB эх эрщфхэ ё "libpng16.lib(pngerror.obj)" шыш эр "D:\trunk\source\Debug\libpng.pdb"; ъюьяюэютър юс·хъЄр т√яюыэ хЄё  ъръ яЁш юЄёєЄёЄтшш юЄырфюўэ√ї фрээ√ї
libpng16.lib(png.obj) : warning LNK4099: "libpng.pdb" PDB эх эрщфхэ ё "libpng16.lib(png.obj)" шыш эр "D:\trunk\source\Debug\libpng.pdb"; ъюьяюэютър юс·хъЄр т√яюыэ хЄё  ъръ яЁш юЄёєЄёЄтшш юЄырфюўэ√ї фрээ√ї
libpng16.lib(pngtrans.obj) : warning LNK4099: "libpng.pdb" PDB эх эрщфхэ ё "libpng16.lib(pngtrans.obj)" шыш эр "D:\trunk\source\Debug\libpng.pdb"; ъюьяюэютър юс·хъЄр т√яюыэ хЄё  ъръ яЁш юЄёєЄёЄтшш юЄырфюўэ√ї фрээ√ї
libpng16.lib(pngget.obj) : warning LNK4099: "libpng.pdb" PDB эх эрщфхэ ё "libpng16.lib(pngget.obj)" шыш эр "D:\trunk\source\Debug\libpng.pdb"; ъюьяюэютър юс·хъЄр т√яюыэ хЄё  ъръ яЁш юЄёєЄёЄтшш юЄырфюўэ√ї фрээ√ї
libpng16.lib(pngset.obj) : warning LNK4099: "libpng.pdb" PDB эх эрщфхэ ё "libpng16.lib(pngset.obj)" шыш эр "D:\trunk\source\Debug\libpng.pdb"; ъюьяюэютър юс·хъЄр т√яюыэ хЄё  ъръ яЁш юЄёєЄёЄтшш юЄырфюўэ√ї фрээ√ї
libpng16.lib(pngrio.obj) : warning LNK4099: "libpng.pdb" PDB эх эрщфхэ ё "libpng16.lib(pngrio.obj)" шыш эр "D:\trunk\source\Debug\libpng.pdb"; ъюьяюэютър юс·хъЄр т√яюыэ хЄё  ъръ яЁш юЄёєЄёЄтшш юЄырфюўэ√ї фрээ√ї
libpng16.lib(pngrutil.obj) : warning LNK4099: "libpng.pdb" PDB эх эрщфхэ ё "libpng16.lib(pngrutil.obj)" шыш эр "D:\trunk\source\Debug\libpng.pdb"; ъюьяюэютър юс·хъЄр т√яюыэ хЄё  ъръ яЁш юЄёєЄёЄтшш юЄырфюўэ√ї фрээ√ї
libpng16.lib(pngrtran.obj) : warning LNK4099: "libpng.pdb" PDB эх эрщфхэ ё "libpng16.lib(pngrtran.obj)" шыш эр "D:\trunk\source\Debug\libpng.pdb"; ъюьяюэютър юс·хъЄр т√яюыэ хЄё  ъръ яЁш юЄёєЄёЄтшш юЄырфюўэ√ї фрээ√ї
libpng16.lib(pngmem.obj) : warning LNK4099: "libpng.pdb" PDB эх эрщфхэ ё "libpng16.lib(pngmem.obj)" шыш эр "D:\trunk\source\Debug\libpng.pdb"; ъюьяюэютър юс·хъЄр т√яюыэ хЄё  ъръ яЁш юЄёєЄёЄтшш юЄырфюўэ√ї фрээ√ї
libpng16.lib(pngwutil.obj) : warning LNK4099: "libpng.pdb" PDB эх эрщфхэ ё "libpng16.lib(pngwutil.obj)" шыш эр "D:\trunk\source\Debug\libpng.pdb"; ъюьяюэютър юс·хъЄр т√яюыэ хЄё  ъръ яЁш юЄёєЄёЄтшш юЄырфюўэ√ї фрээ√ї
libpng16.lib(pngwio.obj) : warning LNK4099: "libpng.pdb" PDB эх эрщфхэ ё "libpng16.lib(pngwio.obj)" шыш эр "D:\trunk\source\Debug\libpng.pdb"; ъюьяюэютър юс·хъЄр т√яюыэ хЄё  ъръ яЁш юЄёєЄёЄтшш юЄырфюўэ√ї фрээ√ї
libpng16.lib(pngwtran.obj) : warning LNK4099: "libpng.pdb" PDB эх эрщфхэ ё "libpng16.lib(pngwtran.obj)" шыш эр "D:\trunk\source\Debug\libpng.pdb"; ъюьяюэютър юс·хъЄр т√яюыэ хЄё  ъръ яЁш юЄёєЄёЄтшш юЄырфюўэ√ї фрээ√ї
jpeg.lib(jerror.obj) : warning LNK4099: "jpeg.pdb" PDB эх эрщфхэ ё "jpeg.lib(jerror.obj)" шыш эр "D:\trunk\source\Debug\jpeg.pdb"; ъюьяюэютър юс·хъЄр т√яюыэ хЄё  ъръ яЁш юЄёєЄёЄтшш юЄырфюўэ√ї фрээ√ї
jpeg.lib(jcapimin.obj) : warning LNK4099: "jpeg.pdb" PDB эх эрщфхэ ё "jpeg.lib(jcapimin.obj)" шыш эр "D:\trunk\source\Debug\jpeg.pdb"; ъюьяюэютър юс·хъЄр т√яюыэ хЄё  ъръ яЁш юЄёєЄёЄтшш юЄырфюўэ√ї фрээ√ї
jpeg.lib(jdapimin.obj) : warning LNK4099: "jpeg.pdb" PDB эх эрщфхэ ё "jpeg.lib(jdapimin.obj)" шыш эр "D:\trunk\source\Debug\jpeg.pdb"; ъюьяюэютър юс·хъЄр т√яюыэ хЄё  ъръ яЁш юЄёєЄёЄтшш юЄырфюўэ√ї фрээ√ї
jpeg.lib(jdatadst.obj) : warning LNK4099: "jpeg.pdb" PDB эх эрщфхэ ё "jpeg.lib(jdatadst.obj)" шыш эр "D:\trunk\source\Debug\jpeg.pdb"; ъюьяюэютър юс·хъЄр т√яюыэ хЄё  ъръ яЁш юЄёєЄёЄтшш юЄырфюўэ√ї фрээ√ї
jpeg.lib(jdatasrc.obj) : warning LNK4099: "jpeg.pdb" PDB эх эрщфхэ ё "jpeg.lib(jdatasrc.obj)" шыш эр "D:\trunk\source\Debug\jpeg.pdb"; ъюьяюэютър юс·хъЄр т√яюыэ хЄё  ъръ яЁш юЄёєЄёЄтшш юЄырфюўэ√ї фрээ√ї
jpeg.lib(jcparam.obj) : warning LNK4099: "jpeg.pdb" PDB эх эрщфхэ ё "jpeg.lib(jcparam.obj)" шыш эр "D:\trunk\source\Debug\jpeg.pdb"; ъюьяюэютър юс·хъЄр т√яюыэ хЄё  ъръ яЁш юЄёєЄёЄтшш юЄырфюўэ√ї фрээ√ї
jpeg.lib(jcapistd.obj) : warning LNK4099: "jpeg.pdb" PDB эх эрщфхэ ё "jpeg.lib(jcapistd.obj)" шыш эр "D:\trunk\source\Debug\jpeg.pdb"; ъюьяюэютър юс·хъЄр т√яюыэ хЄё  ъръ яЁш юЄёєЄёЄтшш юЄырфюўэ√ї фрээ√ї
jpeg.lib(jdapistd.obj) : warning LNK4099: "jpeg.pdb" PDB эх эрщфхэ ё "jpeg.lib(jdapistd.obj)" шыш эр "D:\trunk\source\Debug\jpeg.pdb"; ъюьяюэютър юс·хъЄр т√яюыэ хЄё  ъръ яЁш юЄёєЄёЄтшш юЄырфюўэ√ї фрээ√ї
jpeg.lib(jcomapi.obj) : warning LNK4099: "jpeg.pdb" PDB эх эрщфхэ ё "jpeg.lib(jcomapi.obj)" шыш эр "D:\trunk\source\Debug\jpeg.pdb"; ъюьяюэютър юс·хъЄр т√яюыэ хЄё  ъръ яЁш юЄёєЄёЄтшш юЄырфюўэ√ї фрээ√ї
jpeg.lib(jutils.obj) : warning LNK4099: "jpeg.pdb" PDB эх эрщфхэ ё "jpeg.lib(jutils.obj)" шыш эр "D:\trunk\source\Debug\jpeg.pdb"; ъюьяюэютър юс·хъЄр т√яюыэ хЄё  ъръ яЁш юЄёєЄёЄтшш юЄырфюўэ√ї фрээ√ї
jpeg.lib(jmemmgr.obj) : warning LNK4099: "jpeg.pdb" PDB эх эрщфхэ ё "jpeg.lib(jmemmgr.obj)" шыш эр "D:\trunk\source\Debug\jpeg.pdb"; ъюьяюэютър юс·хъЄр т√яюыэ хЄё  ъръ яЁш юЄёєЄёЄтшш юЄырфюўэ√ї фрээ√ї
jpeg.lib(jcmarker.obj) : warning LNK4099: "jpeg.pdb" PDB эх эрщфхэ ё "jpeg.lib(jcmarker.obj)" шыш эр "D:\trunk\source\Debug\jpeg.pdb"; ъюьяюэютър юс·хъЄр т√яюыэ хЄё  ъръ яЁш юЄёєЄёЄтшш юЄырфюўэ√ї фрээ√ї
jpeg.lib(jdmarker.obj) : warning LNK4099: "jpeg.pdb" PDB эх эрщфхэ ё "jpeg.lib(jdmarker.obj)" шыш эр "D:\trunk\source\Debug\jpeg.pdb"; ъюьяюэютър юс·хъЄр т√яюыэ хЄё  ъръ яЁш юЄёєЄёЄтшш юЄырфюўэ√ї фрээ√ї
jpeg.lib(jdinput.obj) : warning LNK4099: "jpeg.pdb" PDB эх эрщфхэ ё "jpeg.lib(jdinput.obj)" шыш эр "D:\trunk\source\Debug\jpeg.pdb"; ъюьяюэютър юс·хъЄр т√яюыэ хЄё  ъръ яЁш юЄёєЄёЄтшш юЄырфюўэ√ї фрээ√ї
jpeg.lib(jcinit.obj) : warning LNK4099: "jpeg.pdb" PDB эх эрщфхэ ё "jpeg.lib(jcinit.obj)" шыш эр "D:\trunk\source\Debug\jpeg.pdb"; ъюьяюэютър юс·хъЄр т√яюыэ хЄё  ъръ яЁш юЄёєЄёЄтшш юЄырфюўэ√ї фрээ√ї
jpeg.lib(jdmaster.obj) : warning LNK4099: "jpeg.pdb" PDB эх эрщфхэ ё "jpeg.lib(jdmaster.obj)" шыш эр "D:\trunk\source\Debug\jpeg.pdb"; ъюьяюэютър юс·хъЄр т√яюыэ хЄё  ъръ яЁш юЄёєЄёЄтшш юЄырфюўэ√ї фрээ√ї
jpeg.lib(jmemnobs.obj) : warning LNK4099: "jpeg.pdb" PDB эх эрщфхэ ё "jpeg.lib(jmemnobs.obj)" шыш эр "D:\trunk\source\Debug\jpeg.pdb"; ъюьяюэютър юс·хъЄр т√яюыэ хЄё  ъръ яЁш юЄёєЄёЄтшш юЄырфюўэ√ї фрээ√ї
jpeg.lib(jcarith.obj) : warning LNK4099: "jpeg.pdb" PDB эх эрщфхэ ё "jpeg.lib(jcarith.obj)" шыш эр "D:\trunk\source\Debug\jpeg.pdb"; ъюьяюэютър юс·хъЄр т√яюыэ хЄё  ъръ яЁш юЄёєЄёЄтшш юЄырфюўэ√ї фрээ√ї
jpeg.lib(jcprepct.obj) : warning LNK4099: "jpeg.pdb" PDB эх эрщфхэ ё "jpeg.lib(jcprepct.obj)" шыш эр "D:\trunk\source\Debug\jpeg.pdb"; ъюьяюэютър юс·хъЄр т√яюыэ хЄё  ъръ яЁш юЄёєЄёЄтшш юЄырфюўэ√ї фрээ√ї
jpeg.lib(jcsample.obj) : warning LNK4099: "jpeg.pdb" PDB эх эрщфхэ ё "jpeg.lib(jcsample.obj)" шыш эр "D:\trunk\source\Debug\jpeg.pdb"; ъюьяюэютър юс·хъЄр т√яюыэ хЄё  ъръ яЁш юЄёєЄёЄтшш юЄырфюўэ√ї фрээ√ї
jpeg.lib(jcmainct.obj) : warning LNK4099: "jpeg.pdb" PDB эх эрщфхэ ё "jpeg.lib(jcmainct.obj)" шыш эр "D:\trunk\source\Debug\jpeg.pdb"; ъюьяюэютър юс·хъЄр т√яюыэ хЄё  ъръ яЁш юЄёєЄёЄтшш юЄырфюўэ√ї фрээ√ї
jpeg.lib(jcmaster.obj) : warning LNK4099: "jpeg.pdb" PDB эх эрщфхэ ё "jpeg.lib(jcmaster.obj)" шыш эр "D:\trunk\source\Debug\jpeg.pdb"; ъюьяюэютър юс·хъЄр т√яюыэ хЄё  ъръ яЁш юЄёєЄёЄтшш юЄырфюўэ√ї фрээ√ї
jpeg.lib(jccoefct.obj) : warning LNK4099: "jpeg.pdb" PDB эх эрщфхэ ё "jpeg.lib(jccoefct.obj)" шыш эр "D:\trunk\source\Debug\jpeg.pdb"; ъюьяюэютър юс·хъЄр т√яюыэ хЄё  ъръ яЁш юЄёєЄёЄтшш юЄырфюўэ√ї фрээ√ї
jpeg.lib(jccolor.obj) : warning LNK4099: "jpeg.pdb" PDB эх эрщфхэ ё "jpeg.lib(jccolor.obj)" шыш эр "D:\trunk\source\Debug\jpeg.pdb"; ъюьяюэютър юс·хъЄр т√яюыэ хЄё  ъръ яЁш юЄёєЄёЄтшш юЄырфюўэ√ї фрээ√ї
jpeg.lib(jchuff.obj) : warning LNK4099: "jpeg.pdb" PDB эх эрщфхэ ё "jpeg.lib(jchuff.obj)" шыш эр "D:\trunk\source\Debug\jpeg.pdb"; ъюьяюэютър юс·хъЄр т√яюыэ хЄё  ъръ яЁш юЄёєЄёЄтшш юЄырфюўэ√ї фрээ√ї
jpeg.lib(jcdctmgr.obj) : warning LNK4099: "jpeg.pdb" PDB эх эрщфхэ ё "jpeg.lib(jcdctmgr.obj)" шыш эр "D:\trunk\source\Debug\jpeg.pdb"; ъюьяюэютър юс·хъЄр т√яюыэ хЄё  ъръ яЁш юЄёєЄёЄтшш юЄырфюўэ√ї фрээ√ї
jpeg.lib(jquant1.obj) : warning LNK4099: "jpeg.pdb" PDB эх эрщфхэ ё "jpeg.lib(jquant1.obj)" шыш эр "D:\trunk\source\Debug\jpeg.pdb"; ъюьяюэютър юс·хъЄр т√яюыэ хЄё  ъръ яЁш юЄёєЄёЄтшш юЄырфюўэ√ї фрээ√ї
jpeg.lib(jdmerge.obj) : warning LNK4099: "jpeg.pdb" PDB эх эрщфхэ ё "jpeg.lib(jdmerge.obj)" шыш эр "D:\trunk\source\Debug\jpeg.pdb"; ъюьяюэютър юс·хъЄр т√яюыэ хЄё  ъръ яЁш юЄёєЄёЄтшш юЄырфюўэ√ї фрээ√ї
jpeg.lib(jdsample.obj) : warning LNK4099: "jpeg.pdb" PDB эх эрщфхэ ё "jpeg.lib(jdsample.obj)" шыш эр "D:\trunk\source\Debug\jpeg.pdb"; ъюьяюэютър юс·хъЄр т√яюыэ хЄё  ъръ яЁш юЄёєЄёЄтшш юЄырфюўэ√ї фрээ√ї
jpeg.lib(jdhuff.obj) : warning LNK4099: "jpeg.pdb" PDB эх эрщфхэ ё "jpeg.lib(jdhuff.obj)" шыш эр "D:\trunk\source\Debug\jpeg.pdb"; ъюьяюэютър юс·хъЄр т√яюыэ хЄё  ъръ яЁш юЄёєЄёЄтшш юЄырфюўэ√ї фрээ√ї
jpeg.lib(jquant2.obj) : warning LNK4099: "jpeg.pdb" PDB эх эрщфхэ ё "jpeg.lib(jquant2.obj)" шыш эр "D:\trunk\source\Debug\jpeg.pdb"; ъюьяюэютър юс·хъЄр т√яюыэ хЄё  ъръ яЁш юЄёєЄёЄтшш юЄырфюўэ√ї фрээ√ї
jpeg.lib(jdarith.obj) : warning LNK4099: "jpeg.pdb" PDB эх эрщфхэ ё "jpeg.lib(jdarith.obj)" шыш эр "D:\trunk\source\Debug\jpeg.pdb"; ъюьяюэютър юс·хъЄр т√яюыэ хЄё  ъръ яЁш юЄёєЄёЄтшш юЄырфюўэ√ї фрээ√ї
jpeg.lib(jdcoefct.obj) : warning LNK4099: "jpeg.pdb" PDB эх эрщфхэ ё "jpeg.lib(jdcoefct.obj)" шыш эр "D:\trunk\source\Debug\jpeg.pdb"; ъюьяюэютър юс·хъЄр т√яюыэ хЄё  ъръ яЁш юЄёєЄёЄтшш юЄырфюўэ√ї фрээ√ї
jpeg.lib(jdcolor.obj) : warning LNK4099: "jpeg.pdb" PDB эх эрщфхэ ё "jpeg.lib(jdcolor.obj)" шыш эр "D:\trunk\source\Debug\jpeg.pdb"; ъюьяюэютър юс·хъЄр т√яюыэ хЄё  ъръ яЁш юЄёєЄёЄтшш юЄырфюўэ√ї фрээ√ї
jpeg.lib(jdmainct.obj) : warning LNK4099: "jpeg.pdb" PDB эх эрщфхэ ё "jpeg.lib(jdmainct.obj)" шыш эр "D:\trunk\source\Debug\jpeg.pdb"; ъюьяюэютър юс·хъЄр т√яюыэ хЄё  ъръ яЁш юЄёєЄёЄтшш юЄырфюўэ√ї фрээ√ї
jpeg.lib(jddctmgr.obj) : warning LNK4099: "jpeg.pdb" PDB эх эрщфхэ ё "jpeg.lib(jddctmgr.obj)" шыш эр "D:\trunk\source\Debug\jpeg.pdb"; ъюьяюэютър юс·хъЄр т√яюыэ хЄё  ъръ яЁш юЄёєЄёЄтшш юЄырфюўэ√ї фрээ√ї
jpeg.lib(jdpostct.obj) : warning LNK4099: "jpeg.pdb" PDB эх эрщфхэ ё "jpeg.lib(jdpostct.obj)" шыш эр "D:\trunk\source\Debug\jpeg.pdb"; ъюьяюэютър юс·хъЄр т√яюыэ хЄё  ъръ яЁш юЄёєЄёЄтшш юЄырфюўэ√ї фрээ√ї
jpeg.lib(jaricom.obj) : warning LNK4099: "jpeg.pdb" PDB эх эрщфхэ ё "jpeg.lib(jaricom.obj)" шыш эр "D:\trunk\source\Debug\jpeg.pdb"; ъюьяюэютър юс·хъЄр т√яюыэ хЄё  ъръ яЁш юЄёєЄёЄтшш юЄырфюўэ√ї фрээ√ї
jpeg.lib(jfdctint.obj) : warning LNK4099: "jpeg.pdb" PDB эх эрщфхэ ё "jpeg.lib(jfdctint.obj)" шыш эр "D:\trunk\source\Debug\jpeg.pdb"; ъюьяюэютър юс·хъЄр т√яюыэ хЄё  ъръ яЁш юЄёєЄёЄтшш юЄырфюўэ√ї фрээ√ї
jpeg.lib(jfdctfst.obj) : warning LNK4099: "jpeg.pdb" PDB эх эрщфхэ ё "jpeg.lib(jfdctfst.obj)" шыш эр "D:\trunk\source\Debug\jpeg.pdb"; ъюьяюэютър юс·хъЄр т√яюыэ хЄё  ъръ яЁш юЄёєЄёЄтшш юЄырфюўэ√ї фрээ√ї
jpeg.lib(jfdctflt.obj) : warning LNK4099: "jpeg.pdb" PDB эх эрщфхэ ё "jpeg.lib(jfdctflt.obj)" шыш эр "D:\trunk\source\Debug\jpeg.pdb"; ъюьяюэютър юс·хъЄр т√яюыэ хЄё  ъръ яЁш юЄёєЄёЄтшш юЄырфюўэ√ї фрээ√ї
jpeg.lib(jidctint.obj) : warning LNK4099: "jpeg.pdb" PDB эх эрщфхэ ё "jpeg.lib(jidctint.obj)" шыш эр "D:\trunk\source\Debug\jpeg.pdb"; ъюьяюэютър юс·хъЄр т√яюыэ хЄё  ъръ яЁш юЄёєЄёЄтшш юЄырфюўэ√ї фрээ√ї
jpeg.lib(jidctfst.obj) : warning LNK4099: "jpeg.pdb" PDB эх эрщфхэ ё "jpeg.lib(jidctfst.obj)" шыш эр "D:\trunk\source\Debug\jpeg.pdb"; ъюьяюэютър юс·хъЄр т√яюыэ хЄё  ъръ яЁш юЄёєЄёЄтшш юЄырфюўэ√ї фрээ√ї
jpeg.lib(jidctflt.obj) : warning LNK4099: "jpeg.pdb" PDB эх эрщфхэ ё "jpeg.lib(jidctflt.obj)" шыш эр "D:\trunk\source\Debug\jpeg.pdb"; ъюьяюэютър юс·хъЄр т√яюыэ хЄё  ъръ яЁш юЄёєЄёЄтшш юЄырфюўэ√ї фрээ√ї
libsquish.lib(alpha.obj) : warning LNK4099: "libsquish.pdb" PDB эх эрщфхэ ё "libsquish.lib(alpha.obj)" шыш эр "D:\trunk\source\Debug\libsquish.pdb"; ъюьяюэютър юс·хъЄр т√яюыэ хЄё  ъръ яЁш юЄёєЄёЄтшш юЄырфюўэ√ї фрээ√ї
libsquish.lib(clusterfit.obj) : warning LNK4099: "libsquish.pdb" PDB эх эрщфхэ ё "libsquish.lib(clusterfit.obj)" шыш эр "D:\trunk\source\Debug\libsquish.pdb"; ъюьяюэютър юс·хъЄр т√яюыэ хЄё  ъръ яЁш юЄёєЄёЄтшш юЄырфюўэ√ї фрээ√ї
libsquish.lib(colourblock.obj) : warning LNK4099: "libsquish.pdb" PDB эх эрщфхэ ё "libsquish.lib(colourblock.obj)" шыш эр "D:\trunk\source\Debug\libsquish.pdb"; ъюьяюэютър юс·хъЄр т√яюыэ хЄё  ъръ яЁш юЄёєЄёЄтшш юЄырфюўэ√ї фрээ√ї
libsquish.lib(colourfit.obj) : warning LNK4099: "libsquish.pdb" PDB эх эрщфхэ ё "libsquish.lib(colourfit.obj)" шыш эр "D:\trunk\source\Debug\libsquish.pdb"; ъюьяюэютър юс·хъЄр т√яюыэ хЄё  ъръ яЁш юЄёєЄёЄтшш юЄырфюўэ√ї фрээ√ї
libsquish.lib(colourset.obj) : warning LNK4099: "libsquish.pdb" PDB эх эрщфхэ ё "libsquish.lib(colourset.obj)" шыш эр "D:\trunk\source\Debug\libsquish.pdb"; ъюьяюэютър юс·хъЄр т√яюыэ хЄё  ъръ яЁш юЄёєЄёЄтшш юЄырфюўэ√ї фрээ√ї
libsquish.lib(maths.obj) : warning LNK4099: "libsquish.pdb" PDB эх эрщфхэ ё "libsquish.lib(maths.obj)" шыш эр "D:\trunk\source\Debug\libsquish.pdb"; ъюьяюэютър юс·хъЄр т√яюыэ хЄё  ъръ яЁш юЄёєЄёЄтшш юЄырфюўэ√ї фрээ√ї
libsquish.lib(rangefit.obj) : warning LNK4099: "libsquish.pdb" PDB эх эрщфхэ ё "libsquish.lib(rangefit.obj)" шыш эр "D:\trunk\source\Debug\libsquish.pdb"; ъюьяюэютър юс·хъЄр т√яюыэ хЄё  ъръ яЁш юЄёєЄёЄтшш юЄырфюўэ√ї фрээ√ї
libsquish.lib(singlecolourfit.obj) : warning LNK4099: "libsquish.pdb" PDB эх эрщфхэ ё "libsquish.lib(singlecolourfit.obj)" шыш эр "D:\trunk\source\Debug\libsquish.pdb"; ъюьяюэютър юс·хъЄр т√яюыэ хЄё  ъръ яЁш юЄёєЄёЄтшш юЄырфюўэ√ї фрээ√ї
libsquish.lib(squish.obj) : warning LNK4099: "libsquish.pdb" PDB эх эрщфхэ ё "libsquish.lib(squish.obj)" шыш эр "D:\trunk\source\Debug\libsquish.pdb"; ъюьяюэютър юс·хъЄр т√яюыэ хЄё  ъръ яЁш юЄёєЄёЄтшш юЄырфюўэ√ї фрээ√ї
  bmfont.vcxproj -> D:\trunk\source\Debug\bmfont.exe
